<?xml version="1.0" encoding="UTF-8"?>
<testng-results skipped="0" failed="0" ignored="0" total="1" passed="1">
  <reporter-output>
  </reporter-output>
  <suite name="Default suite" duration-ms="108" started-at="2021-12-09T13:41:48 IST" finished-at="2021-12-09T13:41:48 IST">
    <groups>
    </groups>
    <test name="Default test" duration-ms="108" started-at="2021-12-09T13:41:48 IST" finished-at="2021-12-09T13:41:48 IST">
      <class name="com.Practice.Demo">
        <test-method status="PASS" signature="demoTest()[pri:0, instance:com.Practice.Demo@5d76b067]" name="demoTest" duration-ms="13" started-at="2021-12-09T13:41:48 IST" finished-at="2021-12-09T13:41:48 IST">
          <reporter-output>
          </reporter-output>
        </test-method> <!-- demoTest -->
      </class> <!-- com.Practice.Demo -->
    </test> <!-- Default test -->
  </suite> <!-- Default suite -->
</testng-results>
